2017-12-20 10:51:16,215 [Worker-1] INFO  c.g.t.t.d.PublishedGradleVersions - Gradle version information cache is up-to-date. Trying to read.
2017-12-21 09:32:40,192 [Worker-3] INFO  c.g.t.t.d.PublishedGradleVersions - Gradle version information cache is out-of-date. Trying to update.
2017-12-22 09:41:34,622 [Worker-0] INFO  c.g.t.t.d.PublishedGradleVersions - Gradle version information cache is up-to-date. Trying to read.
2017-12-26 10:19:46,249 [Worker-7] INFO  c.g.t.t.d.PublishedGradleVersions - Gradle version information cache is out-of-date. Trying to update.
2017-12-26 15:22:09,302 [Worker-11] INFO  c.g.t.t.d.PublishedGradleVersions - Gradle version information cache is up-to-date. Trying to read.
2017-12-27 09:35:50,982 [Worker-13] INFO  c.g.t.t.d.PublishedGradleVersions - Gradle version information cache is up-to-date. Trying to read.
2017-12-27 15:22:39,023 [Worker-0] INFO  c.g.t.t.d.PublishedGradleVersions - Gradle version information cache is out-of-date. Trying to update.
2017-12-28 09:40:17,496 [Worker-5] INFO  c.g.t.t.d.PublishedGradleVersions - Gradle version information cache is up-to-date. Trying to read.
2017-12-28 10:34:26,381 [Worker-1] INFO  c.g.t.t.d.PublishedGradleVersions - Gradle version information cache is up-to-date. Trying to read.
2017-12-28 10:46:24,819 [Worker-16] INFO  j.exodus.env.EnvironmentImpl - Exodus environment created: C:\web_study\work\.metadata\com.genuitec.eclipse.webclipse.livepreview\0\store
2017-12-28 10:46:25,182 [Worker-21] INFO  j.exodus.env.EnvironmentImpl - Exodus environment created: C:\web_study\work\.metadata\com.genuitec.eclipse.webclipse.livepreview\1\store
2017-12-28 10:46:25,357 [Worker-21] INFO  j.exodus.env.EnvironmentImpl - Exodus environment created: C:\web_study\work\.metadata\com.genuitec.eclipse.webclipse.livepreview\2\store
2017-12-28 10:46:25,576 [Worker-21] INFO  j.exodus.env.EnvironmentImpl - Exodus environment created: C:\web_study\work\.metadata\com.genuitec.eclipse.webclipse.livepreview\3\store
2017-12-28 10:46:25,820 [Worker-21] INFO  j.exodus.env.EnvironmentImpl - Exodus environment created: C:\web_study\work\.metadata\com.genuitec.eclipse.webclipse.livepreview\4\store
2017-12-28 10:46:26,459 [Worker-21] INFO  j.exodus.env.EnvironmentImpl - Exodus environment created: C:\web_study\work\.metadata\com.genuitec.eclipse.webclipse.livepreview\5\store
2018-01-02 09:34:53,847 [Worker-8] INFO  c.g.t.t.d.PublishedGradleVersions - Gradle version information cache is out-of-date. Trying to update.
2018-01-02 09:50:34,546 [Worker-30] INFO  j.exodus.env.EnvironmentImpl - Exodus environment created: C:\web_study\work\.metadata\com.genuitec.eclipse.webclipse.livepreview\0\store
2018-01-02 09:50:34,670 [Worker-30] INFO  j.exodus.env.EnvironmentImpl - Exodus environment created: C:\web_study\work\.metadata\com.genuitec.eclipse.webclipse.livepreview\1\store
2018-01-02 09:50:34,858 [Worker-30] INFO  j.exodus.env.EnvironmentImpl - Exodus environment created: C:\web_study\work\.metadata\com.genuitec.eclipse.webclipse.livepreview\2\store
2018-01-02 09:50:35,060 [Worker-30] INFO  j.exodus.env.EnvironmentImpl - Exodus environment created: C:\web_study\work\.metadata\com.genuitec.eclipse.webclipse.livepreview\3\store
2018-01-02 09:50:35,216 [Worker-30] INFO  j.exodus.env.EnvironmentImpl - Exodus environment created: C:\web_study\work\.metadata\com.genuitec.eclipse.webclipse.livepreview\4\store
2018-01-02 09:50:35,700 [Worker-30] INFO  j.exodus.env.EnvironmentImpl - Exodus environment created: C:\web_study\work\.metadata\com.genuitec.eclipse.webclipse.livepreview\5\store
2018-01-02 09:58:05,487 [Worker-31] INFO  j.exodus.env.EnvironmentImpl - Exodus environment created: C:\web_study\work\.metadata\com.genuitec.eclipse.webclipse.livepreview\6\store
2018-01-03 09:33:16,683 [Worker-4] INFO  c.g.t.t.d.PublishedGradleVersions - Gradle version information cache is up-to-date. Trying to read.
2018-01-03 10:02:12,801 [Worker-31] INFO  j.exodus.env.EnvironmentImpl - Exodus environment created: C:\web_study\work\.metadata\com.genuitec.eclipse.webclipse.livepreview\0\store
2018-01-03 10:02:12,962 [Worker-31] INFO  j.exodus.env.EnvironmentImpl - Exodus environment created: C:\web_study\work\.metadata\com.genuitec.eclipse.webclipse.livepreview\1\store
2018-01-03 10:02:13,216 [Worker-31] INFO  j.exodus.env.EnvironmentImpl - Exodus environment created: C:\web_study\work\.metadata\com.genuitec.eclipse.webclipse.livepreview\2\store
2018-01-03 10:02:13,484 [Worker-31] INFO  j.exodus.env.EnvironmentImpl - Exodus environment created: C:\web_study\work\.metadata\com.genuitec.eclipse.webclipse.livepreview\3\store
2018-01-03 10:02:13,669 [Worker-31] INFO  j.exodus.env.EnvironmentImpl - Exodus environment created: C:\web_study\work\.metadata\com.genuitec.eclipse.webclipse.livepreview\4\store
2018-01-03 10:02:14,322 [Worker-31] INFO  j.exodus.env.EnvironmentImpl - Exodus environment created: C:\web_study\work\.metadata\com.genuitec.eclipse.webclipse.livepreview\5\store
2018-01-03 10:02:14,507 [Worker-31] INFO  j.exodus.env.EnvironmentImpl - Exodus environment created: C:\web_study\work\.metadata\com.genuitec.eclipse.webclipse.livepreview\6\store
2018-01-03 17:45:00,476 [Worker-88] INFO  j.exodus.env.EnvironmentImpl - Exodus environment created: C:\web_study\work\.metadata\com.genuitec.eclipse.webclipse.livepreview\7\store
2018-01-08 09:46:20,655 [Worker-2] INFO  c.g.t.t.d.PublishedGradleVersions - Gradle version information cache is out-of-date. Trying to update.
2018-01-08 10:05:28,593 [Worker-11] INFO  j.exodus.env.EnvironmentImpl - Exodus environment created: C:\web_study\work\.metadata\com.genuitec.eclipse.webclipse.livepreview\0\store
2018-01-08 10:05:28,716 [Worker-11] INFO  j.exodus.env.EnvironmentImpl - Exodus environment created: C:\web_study\work\.metadata\com.genuitec.eclipse.webclipse.livepreview\1\store
2018-01-08 10:05:29,069 [Worker-11] INFO  j.exodus.env.EnvironmentImpl - Exodus environment created: C:\web_study\work\.metadata\com.genuitec.eclipse.webclipse.livepreview\2\store
2018-01-08 10:05:29,311 [Worker-11] INFO  j.exodus.env.EnvironmentImpl - Exodus environment created: C:\web_study\work\.metadata\com.genuitec.eclipse.webclipse.livepreview\3\store
2018-01-08 10:05:29,548 [Worker-11] INFO  j.exodus.env.EnvironmentImpl - Exodus environment created: C:\web_study\work\.metadata\com.genuitec.eclipse.webclipse.livepreview\4\store
2018-01-08 10:05:30,076 [Worker-11] INFO  j.exodus.env.EnvironmentImpl - Exodus environment created: C:\web_study\work\.metadata\com.genuitec.eclipse.webclipse.livepreview\5\store
2018-01-08 10:05:30,294 [Worker-11] INFO  j.exodus.env.EnvironmentImpl - Exodus environment created: C:\web_study\work\.metadata\com.genuitec.eclipse.webclipse.livepreview\6\store
2018-01-08 10:05:30,453 [Worker-11] INFO  j.exodus.env.EnvironmentImpl - Exodus environment created: C:\web_study\work\.metadata\com.genuitec.eclipse.webclipse.livepreview\7\store
2018-01-08 11:44:16,488 [Worker-48] INFO  j.exodus.env.EnvironmentImpl - Store get cache hit rate: 0.0%
2018-01-08 11:44:16,488 [Worker-48] INFO  j.exodus.env.EnvironmentImpl - Tree nodes cache hit rate: 0.0%
2018-01-08 11:44:16,488 [Worker-48] INFO  j.exodus.env.EnvironmentImpl - Exodus log cache hit rate: 0.0%
2018-01-08 11:44:16,535 [Worker-48] INFO  j.exodus.env.EnvironmentImpl - Store get cache hit rate: 0.0%
2018-01-08 11:44:16,535 [Worker-48] INFO  j.exodus.env.EnvironmentImpl - Tree nodes cache hit rate: 0.0%
2018-01-08 11:44:16,535 [Worker-48] INFO  j.exodus.env.EnvironmentImpl - Exodus log cache hit rate: 0.0%
2018-01-08 11:44:16,597 [Worker-48] INFO  j.exodus.env.EnvironmentImpl - Store get cache hit rate: 0.0%
2018-01-08 11:44:16,597 [Worker-48] INFO  j.exodus.env.EnvironmentImpl - Tree nodes cache hit rate: 0.0%
2018-01-08 11:44:16,597 [Worker-48] INFO  j.exodus.env.EnvironmentImpl - Exodus log cache hit rate: 0.0%
2018-01-08 11:44:16,659 [Worker-48] INFO  j.exodus.env.EnvironmentImpl - Store get cache hit rate: 0.0%
2018-01-08 11:44:16,659 [Worker-48] INFO  j.exodus.env.EnvironmentImpl - Tree nodes cache hit rate: 0.0%
2018-01-08 11:44:16,659 [Worker-48] INFO  j.exodus.env.EnvironmentImpl - Exodus log cache hit rate: 0.0%
2018-01-08 11:44:16,722 [Worker-48] INFO  j.exodus.env.EnvironmentImpl - Store get cache hit rate: 0.0%
2018-01-08 11:44:16,722 [Worker-48] INFO  j.exodus.env.EnvironmentImpl - Tree nodes cache hit rate: 0.0%
2018-01-08 11:44:16,722 [Worker-48] INFO  j.exodus.env.EnvironmentImpl - Exodus log cache hit rate: 0.0%
2018-01-08 11:44:16,769 [Worker-48] INFO  j.exodus.env.EnvironmentImpl - Store get cache hit rate: 0.0%
2018-01-08 11:44:16,769 [Worker-48] INFO  j.exodus.env.EnvironmentImpl - Tree nodes cache hit rate: 0.0%
2018-01-08 11:44:16,769 [Worker-48] INFO  j.exodus.env.EnvironmentImpl - Exodus log cache hit rate: 0.0%
2018-01-08 11:44:16,831 [Worker-48] INFO  j.exodus.env.EnvironmentImpl - Store get cache hit rate: 0.0%
2018-01-08 11:44:16,831 [Worker-48] INFO  j.exodus.env.EnvironmentImpl - Tree nodes cache hit rate: 0.0%
2018-01-08 11:44:16,831 [Worker-48] INFO  j.exodus.env.EnvironmentImpl - Exodus log cache hit rate: 0.0%
2018-01-08 12:09:30,009 [Worker-46] INFO  j.exodus.env.EnvironmentImpl - Exodus environment created: C:\web_study\work\.metadata\com.genuitec.eclipse.webclipse.livepreview\1\store
2018-01-09 09:40:00,170 [Worker-13] INFO  c.g.t.t.d.PublishedGradleVersions - Gradle version information cache is up-to-date. Trying to read.
2018-01-09 10:09:54,859 [Worker-16] INFO  j.exodus.env.EnvironmentImpl - Exodus environment created: C:\web_study\work\.metadata\com.genuitec.eclipse.webclipse.livepreview\0\store
2018-01-09 10:09:54,968 [Worker-16] INFO  j.exodus.env.EnvironmentImpl - Exodus environment created: C:\web_study\work\.metadata\com.genuitec.eclipse.webclipse.livepreview\1\store
2018-01-09 10:09:55,077 [Worker-16] INFO  j.exodus.env.EnvironmentImpl - Exodus environment created: C:\web_study\work\.metadata\com.genuitec.eclipse.webclipse.livepreview\2\store
